<?xml version="1.0" encoding="UTF-8"?>
<!-- Generated by org.testng.reporters.JUnitXMLReporter -->
<testsuite ignored="0" hostname="DESKTOP-LNNM2SL" failures="0" tests="13" name="Default test" time="13.449" errors="0" timestamp="2022-06-02T15:09:04 IST">
  <testcase classname="api.Main" name="authorization_Check" time="5.308"/>
  <testcase classname="api.Main" name="null_Check_Setup4" time="1.819"/>
  <testcase classname="api.Main" name="null_Check_Cl_Address" time="0.809"/>
  <testcase classname="api.Main" name="null_Check_Cl_Address" time="1.282"/>
  <testcase classname="api.Main" name="null_Check_view_Cart_Cms" time="1.181"/>
  <testcase classname="api.Main" name="null_Check_Get_Coupons" time="0.393"/>
  <testcase classname="api.Main" name="null_Check_Order_State" time="0.757"/>
  <testcase classname="api.Main" name="null_Check_Get_City_From_Pincode" time="0.352"/>
  <testcase classname="api.Main" name="null_Check_Checkout" time="0.513"/>
  <testcase classname="api.Main" name="null_Check_Order_Details" time="0.396"/>
  <testcase classname="api.Main" name="response_Check_Set_One_Single_User_Id" time="0.315"/>
  <testcase classname="api.Main" name="response_Check_Add_Impression" time="0.181"/>
  <testcase classname="api.Main" name="print" time="0.013"/>
</testsuite> <!-- Default test -->
