<?xml version="1.0" encoding="UTF-8"?>
<!-- Generated by org.testng.reporters.JUnitXMLReporter -->
<testsuite ignored="0" hostname="DESKTOP-LNNM2SL" failures="1" tests="1" name="Default test" time="7.339" errors="0" timestamp="2022-05-24T19:39:17 IST">
  <testcase classname="api.Main" name="test" time="7.279">
    <failure type="java.lang.AssertionError" message="1 expectation failed.
JSON path appSettings doesn&amp;apos;t match.
Expected: null
  Actual: &amp;lt;{WA_NUMBER_TO_SAVE_PHONE=9311413659, NUM_TIMES_WA_NUMBER_PROMPT_VISIBLE=100000, KUCH_NAYA_PAGE_ENTITY=6951, cmsPoweredEntities={KUCH_NAYA_PAGE=23288, THANK_YOU_PAGE=3288, CART_PAGE=3161, ORDER_RATE_SUCCESS_PAGE=6015}, KUCH_NAYA_BADGE_COUNT=2, NOTIFICATION_CHANNELS=[Offers], CX_REQUEST_CALLBACK_ENABLED=false, MULTILANG_DISABLED=[1.30.6, 1.30.8, 1.30.9, 1.31.1], WA_NUMBER_TO_SAVE_NAME=CityMall Deals, REFEREAL_BANNERS=[{banner1=https://public-cdn.citymall.live/cm-admin-storage-public/citymall_services_code/1651820415810-1642612854927Banner%20Section_Soyabean%20Refined.png, banner2=https://public-cdn.citymall.live/cm-admin-storage-public/citymall_services_code/1651820415815-1642612888581Steps.png}], WA_BANNER=https://public-cdn.citymall.live/cm-admin-storage-public/citymall_services_code/1651820415819-1642612907352Refer%20Soya%20Whatsapp_banner.jpeg, REFEREAL_TEXT={heading=अपने दोस्तों और पड़ोसियों को शेयर करें, subHeading=और उनके पहले आर्डर करने पर उन्हें ₹50 की छूट और साथ में आपके अगले आर्डर पर ₹30 की छूट}, REFER_STRIP_TEXT=रेफेर करें और पाएं 1L सोया तेल फ्री, SUPPORT_TIMING_TEXT=कॉल टाइमिंग सुबह 10 बजे से रात के 9 बजे तक, NEARBY_LEADERS_AUDIO=https://d1u5bdo1v30woh.cloudfront.net/audio-files/citymall-intro.mp3, KUCH_NAYA_ICON={activeSource=https://public-cdn.citymall.live/cm-admin-storage-public/citymall_services_code%2Foffers-active.svg, inactiveSource=https://public-cdn.citymall.live/cm-admin-storage-public/citymall_services_code%2Foffers-inactive.svg, label=ऑफर्स }}&amp;gt;
">
      <![CDATA[java.lang.AssertionError: 1 expectation failed.
JSON path appSettings doesn't match.
Expected: null
  Actual: <{WA_NUMBER_TO_SAVE_PHONE=9311413659, NUM_TIMES_WA_NUMBER_PROMPT_VISIBLE=100000, KUCH_NAYA_PAGE_ENTITY=6951, cmsPoweredEntities={KUCH_NAYA_PAGE=23288, THANK_YOU_PAGE=3288, CART_PAGE=3161, ORDER_RATE_SUCCESS_PAGE=6015}, KUCH_NAYA_BADGE_COUNT=2, NOTIFICATION_CHANNELS=[Offers], CX_REQUEST_CALLBACK_ENABLED=false, MULTILANG_DISABLED=[1.30.6, 1.30.8, 1.30.9, 1.31.1], WA_NUMBER_TO_SAVE_NAME=CityMall Deals, REFEREAL_BANNERS=[{banner1=https://public-cdn.citymall.live/cm-admin-storage-public/citymall_services_code/1651820415810-1642612854927Banner%20Section_Soyabean%20Refined.png, banner2=https://public-cdn.citymall.live/cm-admin-storage-public/citymall_services_code/1651820415815-1642612888581Steps.png}], WA_BANNER=https://public-cdn.citymall.live/cm-admin-storage-public/citymall_services_code/1651820415819-1642612907352Refer%20Soya%20Whatsapp_banner.jpeg, REFEREAL_TEXT={heading=अपने दोस्तों और पड़ोसियों को शेयर करें, subHeading=और उनके पहले आर्डर करने पर उन्हें ₹50 की छूट और साथ में आपके अगले आर्डर पर ₹30 की छूट}, REFER_STRIP_TEXT=रेफेर करें और पाएं 1L सोया तेल फ्री, SUPPORT_TIMING_TEXT=कॉल टाइमिंग सुबह 10 बजे से रात के 9 बजे तक, NEARBY_LEADERS_AUDIO=https://d1u5bdo1v30woh.cloudfront.net/audio-files/citymall-intro.mp3, KUCH_NAYA_ICON={activeSource=https://public-cdn.citymall.live/cm-admin-storage-public/citymall_services_code%2Foffers-active.svg, inactiveSource=https://public-cdn.citymall.live/cm-admin-storage-public/citymall_services_code%2Foffers-inactive.svg, label=ऑफर्स }}>

at java.base/jdk.internal.reflect.NativeConstructorAccessorImpl.newInstance0(Native Method)
at java.base/jdk.internal.reflect.NativeConstructorAccessorImpl.newInstance(NativeConstructorAccessorImpl.java:62)
at java.base/jdk.internal.reflect.DelegatingConstructorAccessorImpl.newInstance(DelegatingConstructorAccessorImpl.java:45)
at java.base/java.lang.reflect.Constructor.newInstance(Constructor.java:490)
at org.codehaus.groovy.reflection.CachedConstructor.invoke(CachedConstructor.java:73)
at org.codehaus.groovy.reflection.CachedConstructor.doConstructorInvoke(CachedConstructor.java:60)
at org.codehaus.groovy.runtime.callsite.ConstructorSite$ConstructorSiteNoUnwrap.callConstructor(ConstructorSite.java:86)
at org.codehaus.groovy.runtime.callsite.CallSiteArray.defaultCallConstructor(CallSiteArray.java:58)
at org.codehaus.groovy.runtime.callsite.AbstractCallSite.callConstructor(AbstractCallSite.java:263)
at org.codehaus.groovy.runtime.callsite.AbstractCallSite.callConstructor(AbstractCallSite.java:277)
at io.restassured.internal.ResponseSpecificationImpl$HamcrestAssertionClosure.validate(ResponseSpecificationImpl.groovy:505)
at io.restassured.internal.ResponseSpecificationImpl$HamcrestAssertionClosure$validate$1.call(Unknown Source)
at org.codehaus.groovy.runtime.callsite.CallSiteArray.defaultCall(CallSiteArray.java:46)
at org.codehaus.groovy.runtime.callsite.AbstractCallSite.call(AbstractCallSite.java:125)
at org.codehaus.groovy.runtime.callsite.AbstractCallSite.call(AbstractCallSite.java:139)
at io.restassured.internal.ResponseSpecificationImpl.validateResponseIfRequired(ResponseSpecificationImpl.groovy:687)
at io.restassured.internal.ResponseSpecificationImpl.this$2$validateResponseIfRequired(ResponseSpecificationImpl.groovy)
at java.base/jdk.internal.reflect.NativeMethodAccessorImpl.invoke0(Native Method)
at java.base/jdk.internal.reflect.NativeMethodAccessorImpl.invoke(NativeMethodAccessorImpl.java:62)
at java.base/jdk.internal.reflect.DelegatingMethodAccessorImpl.invoke(DelegatingMethodAccessorImpl.java:43)
at java.base/java.lang.reflect.Method.invoke(Method.java:566)
at org.codehaus.groovy.runtime.callsite.PlainObjectMetaMethodSite.doInvoke(PlainObjectMetaMethodSite.java:43)
at org.codehaus.groovy.runtime.callsite.PogoMetaMethodSite$PogoCachedMethodSiteNoUnwrapNoCoerce.invoke(PogoMetaMethodSite.java:198)
at org.codehaus.groovy.runtime.callsite.PogoMetaMethodSite.callCurrent(PogoMetaMethodSite.java:62)
at org.codehaus.groovy.runtime.callsite.CallSiteArray.defaultCallCurrent(CallSiteArray.java:50)
at org.codehaus.groovy.runtime.callsite.AbstractCallSite.callCurrent(AbstractCallSite.java:171)
at org.codehaus.groovy.runtime.callsite.AbstractCallSite.callCurrent(AbstractCallSite.java:185)
at io.restassured.internal.ResponseSpecificationImpl.body(ResponseSpecificationImpl.groovy:263)
at io.restassured.specification.ResponseSpecification$body$2.callCurrent(Unknown Source)
at org.codehaus.groovy.runtime.callsite.CallSiteArray.defaultCallCurrent(CallSiteArray.java:50)
at org.codehaus.groovy.runtime.callsite.AbstractCallSite.callCurrent(AbstractCallSite.java:171)
at org.codehaus.groovy.runtime.callsite.AbstractCallSite.callCurrent(AbstractCallSite.java:212)
at io.restassured.internal.ResponseSpecificationImpl.body(ResponseSpecificationImpl.groovy:110)
at io.restassured.internal.ValidatableResponseOptionsImpl.body(ValidatableResponseOptionsImpl.java:244)
at resources.validateResponse.nullCheck(validateResponse.java:11)
at api.Main.test(Main.java:19)
at java.base/jdk.internal.reflect.NativeMethodAccessorImpl.invoke0(Native Method)
at java.base/jdk.internal.reflect.NativeMethodAccessorImpl.invoke(NativeMethodAccessorImpl.java:62)
at java.base/jdk.internal.reflect.DelegatingMethodAccessorImpl.invoke(DelegatingMethodAccessorImpl.java:43)
at java.base/java.lang.reflect.Method.invoke(Method.java:566)
at org.testng.internal.invokers.MethodInvocationHelper.invokeMethod(MethodInvocationHelper.java:135)
at org.testng.internal.invokers.TestInvoker.invokeMethod(TestInvoker.java:673)
at org.testng.internal.invokers.TestInvoker.invokeTestMethod(TestInvoker.java:220)
at org.testng.internal.invokers.MethodRunner.runInSequence(MethodRunner.java:50)
at org.testng.internal.invokers.TestInvoker$MethodInvocationAgent.invoke(TestInvoker.java:945)
at org.testng.internal.invokers.TestInvoker.invokeTestMethods(TestInvoker.java:193)
at org.testng.internal.invokers.TestMethodWorker.invokeTestMethods(TestMethodWorker.java:146)
at org.testng.internal.invokers.TestMethodWorker.run(TestMethodWorker.java:128)
at java.base/java.util.ArrayList.forEach(ArrayList.java:1541)
at org.testng.TestRunner.privateRun(TestRunner.java:808)
at org.testng.TestRunner.run(TestRunner.java:603)
at org.testng.SuiteRunner.runTest(SuiteRunner.java:429)
at org.testng.SuiteRunner.runSequentially(SuiteRunner.java:423)
at org.testng.SuiteRunner.privateRun(SuiteRunner.java:383)
at org.testng.SuiteRunner.run(SuiteRunner.java:326)
at org.testng.SuiteRunnerWorker.runSuite(SuiteRunnerWorker.java:52)
at org.testng.SuiteRunnerWorker.run(SuiteRunnerWorker.java:95)
at org.testng.TestNG.runSuitesSequentially(TestNG.java:1249)
at org.testng.TestNG.runSuitesLocally(TestNG.java:1169)
at org.testng.TestNG.runSuites(TestNG.java:1092)
at org.testng.TestNG.run(TestNG.java:1060)
at org.testng.remote.AbstractRemoteTestNG.run(AbstractRemoteTestNG.java:115)
at org.testng.remote.RemoteTestNG.initAndRun(RemoteTestNG.java:251)
at org.testng.remote.RemoteTestNG.main(RemoteTestNG.java:77)
]]>
    </failure>
  </testcase> <!-- test -->
</testsuite> <!-- Default test -->
