<?xml version="1.0" encoding="UTF-8"?>
<testng-results ignored="0" total="1" passed="1" failed="0" skipped="0">
  <reporter-output>
  </reporter-output>
  <suite started-at="2022-05-25T09:43:18 IST" name="Default suite" finished-at="2022-05-25T09:43:26 IST" duration-ms="7347">
    <groups>
    </groups>
    <test started-at="2022-05-25T09:43:18 IST" name="Default test" finished-at="2022-05-25T09:43:26 IST" duration-ms="7347">
      <class name="api.Main">
        <test-method signature="test()[pri:0, instance:api.Main@1a45193b]" started-at="2022-05-25T09:43:18 IST" name="test" finished-at="2022-05-25T09:43:26 IST" duration-ms="7287" status="PASS">
          <reporter-output>
          </reporter-output>
        </test-method> <!-- test -->
      </class> <!-- api.Main -->
    </test> <!-- Default test -->
  </suite> <!-- Default suite -->
</testng-results>
